<?xml version="1.0" encoding="UTF-8"?>
<!-- Generated by org.testng.reporters.JUnitReportReporter -->
<testsuite hostname="DESKTOP-BOIP2TG" failures="0" tests="8" name="org.zepth.TestScript.CommenandCenterLinkVerification" time="249.330" errors="0" timestamp="2023-09-11T16:21:20 IST" skipped="0">
  <testcase classname="org.zepth.TestScript.CommenandCenterLinkVerification" name="TC_1_PCCLinkVerification" time="29.280"/>
  <system-out/>
  <testcase classname="org.zepth.TestScript.CommenandCenterLinkVerification" name="TC_7_SubmittalLinkVerification" time="29.426"/>
  <system-out/>
  <testcase classname="org.zepth.TestScript.CommenandCenterLinkVerification" name="TC_6_RiskManagementVerification" time="30.318"/>
  <system-out/>
  <testcase classname="org.zepth.TestScript.CommenandCenterLinkVerification" name="TC_8_RFILinkVerification" time="32.114"/>
  <system-out/>
  <testcase classname="org.zepth.TestScript.CommenandCenterLinkVerification" name="TC_4_SnaglistLinkVerification" time="31.624"/>
  <system-out/>
  <testcase classname="org.zepth.TestScript.CommenandCenterLinkVerification" name="TC_5_SafetyLinkVerification" time="34.778"/>
  <system-out/>
  <testcase classname="org.zepth.TestScript.CommenandCenterLinkVerification" name="TC_3_InspectionLinkVerification" time="28.959"/>
  <system-out/>
  <testcase classname="org.zepth.TestScript.CommenandCenterLinkVerification" name="TC_2_ScheduleLinkVerification" time="32.831"/>
  <system-out/>
</testsuite> <!-- org.zepth.TestScript.CommenandCenterLinkVerification -->
