<?xml version="1.0" encoding="UTF-8"?>
<!-- Generated by org.testng.reporters.JUnitReportReporter -->
<testsuite hostname="DESKTOP-BOIP2TG" failures="0" tests="1" name="org.zepth.TestScript.InspectionVerification" time="29.921" errors="0" timestamp="2023-09-14T18:24:27 IST" skipped="0">
  <testcase classname="org.zepth.TestScript.InspectionVerification" name="NavigationToInspectionDashboard" time="29.921"/>
  <system-out/>
</testsuite> <!-- org.zepth.TestScript.InspectionVerification -->
