<?xml version="1.0" encoding="UTF-8"?>
<!-- Generated by org.testng.reporters.JUnitReportReporter -->
<testsuite hostname="DESKTOP-BOIP2TG" failures="0" tests="1" name="org.zepth.TestScript.ForgotPasswordTC" time="10.356" errors="0" timestamp="2023-08-28T17:16:50 IST" skipped="0">
  <testcase classname="org.zepth.TestScript.ForgotPasswordTC" name="Forgot" time="10.356"/>
  <system-out/>
</testsuite> <!-- org.zepth.TestScript.ForgotPasswordTC -->
