<?xml version="1.0" encoding="UTF-8"?>
<!-- Generated by org.testng.reporters.JUnitReportReporter -->
<testsuite hostname="DESKTOP-BOIP2TG" failures="0" tests="1" name="org.zepth.TestScript.TC_1" time="26.855" errors="0" timestamp="2023-08-31T10:24:51 IST" skipped="0">
  <testcase classname="org.zepth.TestScript.TC_1" name="LoginAndLogout" time="26.855"/>
  <system-out/>
</testsuite> <!-- org.zepth.TestScript.TC_1 -->
