<?xml version="1.0" encoding="UTF-8"?>
<!-- Generated by org.testng.reporters.JUnitReportReporter -->
<testsuite hostname="DESKTOP-BOIP2TG" failures="0" tests="1" name="org.zepth.TestScript.TestCame" time="81.548" errors="0" timestamp="2023-09-06T11:45:52 IST" skipped="0">
  <testcase classname="org.zepth.TestScript.TestCame" name="Cotetest" time="81.548"/>
  <system-out/>
</testsuite> <!-- org.zepth.TestScript.TestCame -->
