<?xml version="1.0" encoding="UTF-8"?>
<!-- Generated by org.testng.reporters.JUnitReportReporter -->
<testsuite hostname="DESKTOP-BOIP2TG" failures="0" tests="1" name="org.zepth.TestScript.TestCame" time="70.226" errors="0" timestamp="2023-09-05T19:27:48 IST" skipped="0">
  <testcase classname="org.zepth.TestScript.TestCame" name="Cotetest" time="70.226"/>
  <system-out/>
</testsuite> <!-- org.zepth.TestScript.TestCame -->
