<?xml version="1.0" encoding="UTF-8"?>
<!-- Generated by org.testng.reporters.JUnitReportReporter -->
<testsuite hostname="DESKTOP-BOIP2TG" failures="0" tests="1" name="org.zepth.TestScript.TC_2" time="10.728" errors="0" timestamp="2023-08-28T17:39:13 IST" skipped="0">
  <testcase classname="org.zepth.TestScript.TC_2" name="LoginWithInvalidCredential" time="10.728"/>
  <system-out/>
</testsuite> <!-- org.zepth.TestScript.TC_2 -->
