<?xml version="1.0" encoding="UTF-8"?>
<!-- Generated by org.testng.reporters.JUnitReportReporter -->
<testsuite hostname="DESKTOP-BOIP2TG" failures="0" tests="1" name="org.zepth.TestScript.TC_2" time="12.282" errors="0" timestamp="2023-09-06T11:54:45 IST" skipped="0">
  <testcase classname="org.zepth.TestScript.TC_2" name="LoginWithInvalidCredential" time="12.282"/>
  <system-out/>
</testsuite> <!-- org.zepth.TestScript.TC_2 -->
